<?xml version="1.0" encoding="UTF-8"?>
<!-- Generated by org.testng.reporters.JUnitXMLReporter -->
<testsuite hostname="DESKTOP-IUV45J7" ignored="0" name="Default test" tests="3" failures="0" timestamp="04 Sep 2018 03:14:27 GMT" time="39.396" errors="0">
  <testcase name="Loginwithvaliddata" time="15.187" classname="mt.mercurytoursdatadriventest.Mercurytourstest"/>
  <testcase name="Loginwithvaliddata" time="9.307" classname="mt.mercurytoursdatadriventest.Mercurytourstest"/>
  <testcase name="Loginwithvaliddata" time="10.031" classname="mt.mercurytoursdatadriventest.Mercurytourstest"/>
</testsuite> <!-- Default test -->
